<?xml version="1.0" encoding="UTF-8"?>
<testsuite name="com.app.server.service.aaaboundedcontext.authentication.PasswordPolicyTestCase" tests="4" skipped="0" failures="0" errors="0" timestamp="2016-03-14T11:45:23" hostname="0ac02da9f065" time="19.223">
  <properties/>
  <testcase name="test1Save" classname="com.app.server.service.aaaboundedcontext.authentication.PasswordPolicyTestCase" time="19.067"/>
  <testcase name="test2Update" classname="com.app.server.service.aaaboundedcontext.authentication.PasswordPolicyTestCase" time="0.09"/>
  <testcase name="test3FindById" classname="com.app.server.service.aaaboundedcontext.authentication.PasswordPolicyTestCase" time="0.02"/>
  <testcase name="test4Delete" classname="com.app.server.service.aaaboundedcontext.authentication.PasswordPolicyTestCase" time="0.046"/>
  <system-out><![CDATA[[EL Config]: metadata: 2016-03-14 11:45:29.148--ServerSession(1540159731)--Thread(Thread[Test worker,5,main])--The access type for the persistent class [class com.athena.shared.entity.ArtEntity] is set to [FIELD].
[EL Config]: metadata: 2016-03-14 11:45:29.17--ServerSession(1540159731)--Thread(Thread[Test worker,5,main])--The access type for the persistent class [class com.athena.shared.entity.AuditPropertiesEntity] is set to [FIELD].
[EL Config]: metadata: 2016-03-14 11:45:29.171--ServerSession(1540159731)--Thread(Thread[Test worker,5,main])--The access type for the persistent class [class com.athena.shared.entity.query.ArtQuery] is set to [FIELD].
[EL Config]: metadata: 2016-03-14 11:45:29.174--ServerSession(1540159731)--Thread(Thread[Test worker,5,main])--The access type for the persistent class [class com.app.shared.aaaboundedcontext.authentication.PasswordPolicy] is set to [FIELD].
[EL Config]: metadata: 2016-03-14 11:45:29.177--ServerSession(1540159731)--Thread(Thread[Test worker,5,main])--The access type for the persistent class [class com.app.shared.organizationboundedcontext.location.Language] is set to [FIELD].
[EL Config]: metadata: 2016-03-14 11:45:29.178--ServerSession(1540159731)--Thread(Thread[Test worker,5,main])--The access type for the persistent class [class com.app.shared.organizationboundedcontext.contacts.CommunicationData] is set to [FIELD].
[EL Config]: metadata: 2016-03-14 11:45:29.179--ServerSession(1540159731)--Thread(Thread[Test worker,5,main])--The access type for the persistent class [class com.app.shared.aaaboundedcontext.authorization.Roles] is set to [FIELD].
[EL Config]: metadata: 2016-03-14 11:45:29.186--ServerSession(1540159731)--Thread(Thread[Test worker,5,main])--The target entity (reference) class for the one to many mapping element [field roleMenuBridge] is being defaulted to: class com.app.shared.aaaboundedcontext.authorization.RoleMenuBridge.
[EL Config]: metadata: 2016-03-14 11:45:29.187--ServerSession(1540159731)--Thread(Thread[Test worker,5,main])--The access type for the persistent class [class com.app.shared.aaaboundedcontext.authentication.LoginSession] is set to [FIELD].
[EL Config]: metadata: 2016-03-14 11:45:29.188--ServerSession(1540159731)--Thread(Thread[Test worker,5,main])--The access type for the persistent class [class com.athena.shared.entity.report.ArtChartTemplate] is set to [FIELD].
[EL Config]: metadata: 2016-03-14 11:45:29.189--ServerSession(1540159731)--Thread(Thread[Test worker,5,main])--The access type for the persistent class [class com.app.shared.organizationboundedcontext.location.Country] is set to [FIELD].
[EL Config]: metadata: 2016-03-14 11:45:29.19--ServerSession(1540159731)--Thread(Thread[Test worker,5,main])--The access type for the persistent class [class com.spartan.sprinkler.entity.AuditPropertiesEntity] is set to [FIELD].
[EL Config]: metadata: 2016-03-14 11:45:29.19--ServerSession(1540159731)--Thread(Thread[Test worker,5,main])--The access type for the persistent class [class com.spartan.sprinkler.entity.ArtLogConfig] is set to [FIELD].
[EL Config]: metadata: 2016-03-14 11:45:29.191--ServerSession(1540159731)--Thread(Thread[Test worker,5,main])--The target entity (reference) class for the one to many mapping element [field logConnectors] is being defaulted to: class com.spartan.sprinkler.entity.ArtLogConnector.
[EL Config]: metadata: 2016-03-14 11:45:29.191--ServerSession(1540159731)--Thread(Thread[Test worker,5,main])--The target entity (reference) class for the one to many mapping element [field loggingProperties] is being defaulted to: class com.spartan.sprinkler.entity.ArtLoggingProperties.
[EL Config]: metadata: 2016-03-14 11:45:29.191--ServerSession(1540159731)--Thread(Thread[Test worker,5,main])--The target entity (reference) class for the one to many mapping element [field logSeverity] is being defaulted to: class com.spartan.sprinkler.entity.ArtLogSeverity.
[EL Config]: metadata: 2016-03-14 11:45:29.192--ServerSession(1540159731)--Thread(Thread[Test worker,5,main])--The access type for the persistent class [class com.spartan.healthmeter.entity.ArtHealthStatusConfiguration] is set to [FIELD].
[EL Config]: metadata: 2016-03-14 11:45:29.193--ServerSession(1540159731)--Thread(Thread[Test worker,5,main])--The access type for the persistent class [class com.spartan.sprinkler.entity.ArtLogModule] is set to [FIELD].
[EL Config]: metadata: 2016-03-14 11:45:29.193--ServerSession(1540159731)--Thread(Thread[Test worker,5,main])--The target entity (reference) class for the one to many mapping element [field appAlarm] is being defaulted to: class com.spartan.sprinkler.entity.ArtAppAlarm.
[EL Config]: metadata: 2016-03-14 11:45:29.194--ServerSession(1540159731)--Thread(Thread[Test worker,5,main])--The access type for the persistent class [class com.spartan.sprinkler.entity.ArtAppAlarm] is set to [FIELD].
[EL Config]: metadata: 2016-03-14 11:45:29.197--ServerSession(1540159731)--Thread(Thread[Test worker,5,main])--The target entity (reference) class for the many to one mapping element [field logmodule] is being defaulted to: class com.spartan.sprinkler.entity.ArtLogModule.
[EL Config]: metadata: 2016-03-14 11:45:29.198--ServerSession(1540159731)--Thread(Thread[Test worker,5,main])--The access type for the persistent class [class com.app.shared.aaaboundedcontext.authentication.SessionData] is set to [FIELD].
[EL Config]: metadata: 2016-03-14 11:45:29.199--ServerSession(1540159731)--Thread(Thread[Test worker,5,main])--The access type for the persistent class [class com.app.shared.organizationboundedcontext.location.Timezone] is set to [FIELD].
[EL Config]: metadata: 2016-03-14 11:45:29.2--ServerSession(1540159731)--Thread(Thread[Test worker,5,main])--The access type for the persistent class [class com.athena.shared.entity.report.ArtChartCategory] is set to [FIELD].
[EL Config]: metadata: 2016-03-14 11:45:29.201--ServerSession(1540159731)--Thread(Thread[Test worker,5,main])--The target entity (reference) class for the one to one mapping element [field chart_json_id] is being defaulted to: class com.athena.shared.entity.report.ArtChartJson.
[EL Config]: metadata: 2016-03-14 11:45:29.201--ServerSession(1540159731)--Thread(Thread[Test worker,5,main])--The access type for the persistent class [class com.athena.shared.entity.report.ArtChartJson] is set to [FIELD].
[EL Config]: metadata: 2016-03-14 11:45:29.202--ServerSession(1540159731)--Thread(Thread[Test worker,5,main])--The target entity (reference) class for the one to one mapping element [field data_field_id] is being defaulted to: class com.athena.shared.entity.report.ArtChartDataFieldJson.
[EL Config]: metadata: 2016-03-14 11:45:29.203--ServerSession(1540159731)--Thread(Thread[Test worker,5,main])--The access type for the persistent class [class com.app.shared.organizationboundedcontext.contacts.ContactType] is set to [FIELD].
[EL Config]: metadata: 2016-03-14 11:45:29.203--ServerSession(1540159731)--Thread(Thread[Test worker,5,main])--The access type for the persistent class [class com.spartan.sprinkler.entity.ArtLoggingProperties] is set to [FIELD].
[EL Config]: metadata: 2016-03-14 11:45:29.204--ServerSession(1540159731)--Thread(Thread[Test worker,5,main])--The target entity (reference) class for the many to one mapping element [field logConfig] is being defaulted to: class com.spartan.sprinkler.entity.ArtLogConfig.
[EL Config]: metadata: 2016-03-14 11:45:29.204--ServerSession(1540159731)--Thread(Thread[Test worker,5,main])--The access type for the persistent class [class com.spartan.healthmeter.entity.ZenHealthGauge] is set to [FIELD].
[EL Config]: metadata: 2016-03-14 11:45:29.205--ServerSession(1540159731)--Thread(Thread[Test worker,5,main])--The access type for the persistent class [class com.athena.shared.entity.report.ArtChartProperties] is set to [FIELD].
[EL Config]: metadata: 2016-03-14 11:45:29.206--ServerSession(1540159731)--Thread(Thread[Test worker,5,main])--The access type for the persistent class [class com.athena.shared.entity.query.ArtUserLastStatus] is set to [FIELD].
[EL Config]: metadata: 2016-03-14 11:45:29.207--ServerSession(1540159731)--Thread(Thread[Test worker,5,main])--The access type for the persistent class [class com.app.shared.organizationboundedcontext.location.Address] is set to [FIELD].
[EL Config]: metadata: 2016-03-14 11:45:29.208--ServerSession(1540159731)--Thread(Thread[Test worker,5,main])--The access type for the persistent class [class com.app.shared.aaaboundedcontext.authentication.Login] is set to [FIELD].
[EL Config]: metadata: 2016-03-14 11:45:29.209--ServerSession(1540159731)--Thread(Thread[Test worker,5,main])--The target entity (reference) class for the one to one mapping element [field coreContacts] is being defaulted to: class com.app.shared.organizationboundedcontext.contacts.CoreContacts.
[EL Config]: metadata: 2016-03-14 11:45:29.209--ServerSession(1540159731)--Thread(Thread[Test worker,5,main])--The target entity (reference) class for the one to one mapping element [field user] is being defaulted to: class com.app.shared.aaaboundedcontext.authentication.User.
[EL Config]: metadata: 2016-03-14 11:45:29.209--ServerSession(1540159731)--Thread(Thread[Test worker,5,main])--The access type for the persistent class [class com.app.shared.organizationboundedcontext.location.State] is set to [FIELD].
[EL Config]: metadata: 2016-03-14 11:45:29.21--ServerSession(1540159731)--Thread(Thread[Test worker,5,main])--The access type for the persistent class [class com.spartan.healthmeter.entity.HealthSchedulerConfiguration] is set to [FIELD].
[EL Config]: metadata: 2016-03-14 11:45:29.211--ServerSession(1540159731)--Thread(Thread[Test worker,5,main])--The access type for the persistent class [class com.athena.scheduler.entity.ArtScheduleConfig] is set to [FIELD].
[EL Config]: metadata: 2016-03-14 11:45:29.212--ServerSession(1540159731)--Thread(Thread[Test worker,5,main])--The target entity (reference) class for the one to one mapping element [field artJobDetails] is being defaulted to: class com.athena.scheduler.entity.ArtJobDetails.
[EL Config]: metadata: 2016-03-14 11:45:29.212--ServerSession(1540159731)--Thread(Thread[Test worker,5,main])--The access type for the persistent class [class com.spartan.healthmeter.entity.ZenSchedulerHealth] is set to [FIELD].
[EL Config]: metadata: 2016-03-14 11:45:29.215--ServerSession(1540159731)--Thread(Thread[Test worker,5,main])--The access type for the persistent class [class com.athena.shared.entity.report.ArtChartType] is set to [FIELD].
[EL Config]: metadata: 2016-03-14 11:45:29.216--ServerSession(1540159731)--Thread(Thread[Test worker,5,main])--The target entity (reference) class for the one to one mapping element [field chart_id] is being defaulted to: class com.athena.shared.entity.report.ArtChartCategory.
[EL Config]: metadata: 2016-03-14 11:45:29.216--ServerSession(1540159731)--Thread(Thread[Test worker,5,main])--The access type for the persistent class [class com.app.shared.organizationboundedcontext.location.City] is set to [FIELD].
[EL Config]: metadata: 2016-03-14 11:45:29.217--ServerSession(1540159731)--Thread(Thread[Test worker,5,main])--The access type for the persistent class [class com.app.shared.aaaboundedcontext.authentication.UserAccessLevel] is set to [FIELD].
[EL Config]: metadata: 2016-03-14 11:45:29.218--ServerSession(1540159731)--Thread(Thread[Test worker,5,main])--The access type for the persistent class [class com.spartan.shield.server.entity.AppSessionConfig] is set to [FIELD].
[EL Config]: metadata: 2016-03-14 11:45:29.219--ServerSession(1540159731)--Thread(Thread[Test worker,5,main])--The access type for the persistent class [class com.athena.shared.entity.report.ArtChartPropLanguage] is set to [FIELD].
[EL Config]: metadata: 2016-03-14 11:45:29.219--ServerSession(1540159731)--Thread(Thread[Test worker,5,main])--The target entity (reference) class for the one to one mapping element [field property_id] is being defaulted to: class com.athena.shared.entity.report.ArtChartProperties.
[EL Config]: metadata: 2016-03-14 11:45:29.22--ServerSession(1540159731)--Thread(Thread[Test worker,5,main])--The target entity (reference) class for the one to one mapping element [field lang_id] is being defaulted to: class com.athena.shared.entity.report.ArtLangMaster.
[EL Config]: metadata: 2016-03-14 11:45:29.22--ServerSession(1540159731)--Thread(Thread[Test worker,5,main])--The access type for the persistent class [class com.athena.shared.entity.report.ArtLangMaster] is set to [FIELD].
[EL Config]: metadata: 2016-03-14 11:45:29.221--ServerSession(1540159731)--Thread(Thread[Test worker,5,main])--The access type for the persistent class [class com.app.shared.aaaboundedcontext.authentication.UserData] is set to [FIELD].
[EL Config]: metadata: 2016-03-14 11:45:29.222--ServerSession(1540159731)--Thread(Thread[Test worker,5,main])--The target entity (reference) class for the one to one mapping element [field user] is being defaulted to: class com.app.shared.aaaboundedcontext.authentication.User.
[EL Config]: metadata: 2016-03-14 11:45:29.222--ServerSession(1540159731)--Thread(Thread[Test worker,5,main])--The access type for the persistent class [class com.app.shared.aaaboundedcontext.authentication.PassRecovery] is set to [FIELD].
[EL Config]: metadata: 2016-03-14 11:45:29.223--ServerSession(1540159731)--Thread(Thread[Test worker,5,main])--The target entity (reference) class for the one to one mapping element [field user] is being defaulted to: class com.app.shared.aaaboundedcontext.authentication.User.
[EL Config]: metadata: 2016-03-14 11:45:29.223--ServerSession(1540159731)--Thread(Thread[Test worker,5,main])--The access type for the persistent class [class com.spartan.sprinkler.entity.ArtLogConnector] is set to [FIELD].
[EL Config]: metadata: 2016-03-14 11:45:29.224--ServerSession(1540159731)--Thread(Thread[Test worker,5,main])--The target entity (reference) class for the one to many mapping element [field logConnectorAttributes] is being defaulted to: class com.spartan.sprinkler.entity.ArtLogConnectorAttributes.
[EL Config]: metadata: 2016-03-14 11:45:29.224--ServerSession(1540159731)--Thread(Thread[Test worker,5,main])--The target entity (reference) class for the many to one mapping element [field logConfig] is being defaulted to: class com.spartan.sprinkler.entity.ArtLogConfig.
[EL Config]: metadata: 2016-03-14 11:45:29.225--ServerSession(1540159731)--Thread(Thread[Test worker,5,main])--The access type for the persistent class [class com.app.shared.organizationboundedcontext.contacts.CommunicationType] is set to [FIELD].
[EL Config]: metadata: 2016-03-14 11:45:29.225--ServerSession(1540159731)--Thread(Thread[Test worker,5,main])--The access type for the persistent class [class com.app.shared.aaaboundedcontext.authentication.PasswordAlgo] is set to [FIELD].
[EL Config]: metadata: 2016-03-14 11:45:29.226--ServerSession(1540159731)--Thread(Thread[Test worker,5,main])--The access type for the persistent class [class com.app.shared.organizationboundedcontext.contacts.Title] is set to [FIELD].
[EL Config]: metadata: 2016-03-14 11:45:29.226--ServerSession(1540159731)--Thread(Thread[Test worker,5,main])--The access type for the persistent class [class com.app.shared.aaaboundedcontext.authentication.Question] is set to [FIELD].
[EL Config]: metadata: 2016-03-14 11:45:29.227--ServerSession(1540159731)--Thread(Thread[Test worker,5,main])--The access type for the persistent class [class com.app.shared.aaaboundedcontext.authentication.User] is set to [FIELD].
[EL Config]: metadata: 2016-03-14 11:45:29.228--ServerSession(1540159731)--Thread(Thread[Test worker,5,main])--The target entity (reference) class for the one to one mapping element [field userData] is being defaulted to: class com.app.shared.aaaboundedcontext.authentication.UserData.
[EL Config]: metadata: 2016-03-14 11:45:29.228--ServerSession(1540159731)--Thread(Thread[Test worker,5,main])--The target entity (reference) class for the one to many mapping element [field passRecovery] is being defaulted to: class com.app.shared.aaaboundedcontext.authentication.PassRecovery.
[EL Config]: metadata: 2016-03-14 11:45:29.229--ServerSession(1540159731)--Thread(Thread[Test worker,5,main])--The access type for the persistent class [class com.spartan.healthmeter.entity.ZenHealthStatus] is set to [FIELD].
[EL Config]: metadata: 2016-03-14 11:45:29.23--ServerSession(1540159731)--Thread(Thread[Test worker,5,main])--The access type for the persistent class [class com.app.shared.aaaboundedcontext.authentication.UserAccessDomain] is set to [FIELD].
[EL Config]: metadata: 2016-03-14 11:45:29.23--ServerSession(1540159731)--Thread(Thread[Test worker,5,main])--The access type for the persistent class [class com.app.shared.aaaboundedcontext.authorization.AppMenus] is set to [FIELD].
[EL Config]: metadata: 2016-03-14 11:45:29.231--ServerSession(1540159731)--Thread(Thread[Test worker,5,main])--The access type for the persistent class [class com.athena.scheduler.entity.ArtJobDetails] is set to [FIELD].
[EL Config]: metadata: 2016-03-14 11:45:29.232--ServerSession(1540159731)--Thread(Thread[Test worker,5,main])--The target entity (reference) class for the one to one mapping element [field artScheduleConfig] is being defaulted to: class com.athena.scheduler.entity.ArtScheduleConfig.
[EL Config]: metadata: 2016-03-14 11:45:29.233--ServerSession(1540159731)--Thread(Thread[Test worker,5,main])--The access type for the persistent class [class com.spartan.healthmeter.entity.ArtHealthSchedulerConfiguration] is set to [FIELD].
[EL Config]: metadata: 2016-03-14 11:45:29.234--ServerSession(1540159731)--Thread(Thread[Test worker,5,main])--The access type for the persistent class [class com.spartan.healthmeter.entity.ZenRequestDetails] is set to [FIELD].
[EL Config]: metadata: 2016-03-14 11:45:29.235--ServerSession(1540159731)--Thread(Thread[Test worker,5,main])--The access type for the persistent class [class com.athena.shared.entity.report.ArtReportBuilderDetails] is set to [FIELD].
[EL Config]: metadata: 2016-03-14 11:45:29.236--ServerSession(1540159731)--Thread(Thread[Test worker,5,main])--The access type for the persistent class [class com.app.shared.aaaboundedcontext.authorization.RoleMenuBridge] is set to [FIELD].
[EL Config]: metadata: 2016-03-14 11:45:29.237--ServerSession(1540159731)--Thread(Thread[Test worker,5,main])--The target entity (reference) class for the one to one mapping element [field roles] is being defaulted to: class com.app.shared.aaaboundedcontext.authorization.Roles.
[EL Config]: metadata: 2016-03-14 11:45:29.238--ServerSession(1540159731)--Thread(Thread[Test worker,5,main])--The access type for the persistent class [class com.app.shared.organizationboundedcontext.contacts.CommunicationGroup] is set to [FIELD].
[EL Config]: metadata: 2016-03-14 11:45:29.238--ServerSession(1540159731)--Thread(Thread[Test worker,5,main])--The access type for the persistent class [class com.app.shared.organizationboundedcontext.location.AddressType] is set to [FIELD].
[EL Config]: metadata: 2016-03-14 11:45:29.239--ServerSession(1540159731)--Thread(Thread[Test worker,5,main])--The access type for the persistent class [class com.spartan.healthmeter.entity.ZenHealthCounter] is set to [FIELD].
[EL Config]: metadata: 2016-03-14 11:45:29.239--ServerSession(1540159731)--Thread(Thread[Test worker,5,main])--The access type for the persistent class [class com.app.shared.organizationboundedcontext.contacts.Gender] is set to [FIELD].
[EL Config]: metadata: 2016-03-14 11:45:29.24--ServerSession(1540159731)--Thread(Thread[Test worker,5,main])--The access type for the persistent class [class com.app.shared.organizationboundedcontext.contacts.CoreContacts] is set to [FIELD].
[EL Config]: metadata: 2016-03-14 11:45:29.24--ServerSession(1540159731)--Thread(Thread[Test worker,5,main])--The target entity (reference) class for the one to one mapping element [field timezone] is being defaulted to: class com.app.shared.organizationboundedcontext.location.Timezone.
[EL Config]: metadata: 2016-03-14 11:45:29.241--ServerSession(1540159731)--Thread(Thread[Test worker,5,main])--The target entity (reference) class for the one to many mapping element [field address] is being defaulted to: class com.app.shared.organizationboundedcontext.location.Address.
[EL Config]: metadata: 2016-03-14 11:45:29.242--ServerSession(1540159731)--Thread(Thread[Test worker,5,main])--The target entity (reference) class for the one to many mapping element [field communicationData] is being defaulted to: class com.app.shared.organizationboundedcontext.contacts.CommunicationData.
[EL Config]: metadata: 2016-03-14 11:45:29.243--ServerSession(1540159731)--Thread(Thread[Test worker,5,main])--The access type for the persistent class [class com.spartan.healthmeter.entity.ZenHealth] is set to [FIELD].
[EL Config]: metadata: 2016-03-14 11:45:29.245--ServerSession(1540159731)--Thread(Thread[Test worker,5,main])--The access type for the persistent class [class com.athena.shared.entity.report.ArtChartDataFieldJson] is set to [FIELD].
[EL Config]: metadata: 2016-03-14 11:45:29.245--ServerSession(1540159731)--Thread(Thread[Test worker,5,main])--The access type for the persistent class [class com.athena.shared.entity.report.ArtReportUI] is set to [FIELD].
[EL Config]: metadata: 2016-03-14 11:45:29.247--ServerSession(1540159731)--Thread(Thread[Test worker,5,main])--The access type for the persistent class [class com.athena.server.bean.EntityBean] is set to [FIELD].
[EL Config]: metadata: 2016-03-14 11:45:29.247--ServerSession(1540159731)--Thread(Thread[Test worker,5,main])--The access type for the persistent class [class com.spartan.sprinkler.entity.ArtLogSeverity] is set to [FIELD].
[EL Config]: metadata: 2016-03-14 11:45:29.247--ServerSession(1540159731)--Thread(Thread[Test worker,5,main])--The target entity (reference) class for the many to one mapping element [field logConfig] is being defaulted to: class com.spartan.sprinkler.entity.ArtLogConfig.
[EL Config]: metadata: 2016-03-14 11:45:29.248--ServerSession(1540159731)--Thread(Thread[Test worker,5,main])--The access type for the persistent class [class com.spartan.sprinkler.entity.ArtLogConnectorAttributes] is set to [FIELD].
[EL Config]: metadata: 2016-03-14 11:45:29.249--ServerSession(1540159731)--Thread(Thread[Test worker,5,main])--The target entity (reference) class for the many to one mapping element [field logConnector] is being defaulted to: class com.spartan.sprinkler.entity.ArtLogConnector.
[EL Config]: metadata: 2016-03-14 11:45:29.249--ServerSession(1540159731)--Thread(Thread[Test worker,5,main])--The access type for the persistent class [class com.app.shared.aaaboundedcontext.authorization.UserRoleBridge] is set to [FIELD].
[EL Config]: metadata: 2016-03-14 11:45:29.25--ServerSession(1540159731)--Thread(Thread[Test worker,5,main])--The access type for the persistent class [class com.spartan.healthmeter.shared.EntityAudit] is set to [FIELD].
[EL Config]: metadata: 2016-03-14 11:45:29.251--ServerSession(1540159731)--Thread(Thread[Test worker,5,main])--The access type for the persistent class [class com.app.shared.SystemInfo] is set to [FIELD].
[EL Config]: metadata: 2016-03-14 11:45:29.251--ServerSession(1540159731)--Thread(Thread[Test worker,5,main])--The access type for the persistent class [class com.spartan.healthmeter.shared.SystemInfo] is set to [FIELD].
[EL Config]: metadata: 2016-03-14 11:45:29.252--ServerSession(1540159731)--Thread(Thread[Test worker,5,main])--The access type for the persistent class [class com.app.shared.EntityAudit] is set to [FIELD].
[EL Config]: metadata: 2016-03-14 11:45:29.252--ServerSession(1540159731)--Thread(Thread[Test worker,5,main])--The access type for the persistent class [class com.athena.scheduler.entity.SystemInfo] is set to [FIELD].
[EL Config]: metadata: 2016-03-14 11:45:29.253--ServerSession(1540159731)--Thread(Thread[Test worker,5,main])--The access type for the persistent class [class com.athena.scheduler.entity.EntityAudit] is set to [FIELD].
[EL Config]: metadata: 2016-03-14 11:45:29.259--ServerSession(1540159731)--Thread(Thread[Test worker,5,main])--The alias name for the entity class [class com.athena.shared.entity.query.ArtQuery] is being defaulted to: ArtQuery.
[EL Config]: metadata: 2016-03-14 11:45:29.27--ServerSession(1540159731)--Thread(Thread[Test worker,5,main])--The alias name for the entity class [class com.app.shared.aaaboundedcontext.authentication.PasswordPolicy] is being defaulted to: PasswordPolicy.
[EL Config]: metadata: 2016-03-14 11:45:29.274--ServerSession(1540159731)--Thread(Thread[Test worker,5,main])--The alias name for the entity class [class com.app.shared.organizationboundedcontext.location.Language] is being defaulted to: Language.
[EL Config]: metadata: 2016-03-14 11:45:29.274--ServerSession(1540159731)--Thread(Thread[Test worker,5,main])--The alias name for the entity class [class com.app.shared.organizationboundedcontext.contacts.CommunicationData] is being defaulted to: CommunicationData.
[EL Config]: metadata: 2016-03-14 11:45:29.275--ServerSession(1540159731)--Thread(Thread[Test worker,5,main])--The alias name for the entity class [class com.app.shared.aaaboundedcontext.authorization.Roles] is being defaulted to: Roles.
[EL Config]: metadata: 2016-03-14 11:45:29.276--ServerSession(1540159731)--Thread(Thread[Test worker,5,main])--The alias name for the entity class [class com.app.shared.aaaboundedcontext.authentication.LoginSession] is being defaulted to: LoginSession.
[EL Config]: metadata: 2016-03-14 11:45:29.277--ServerSession(1540159731)--Thread(Thread[Test worker,5,main])--The alias name for the entity class [class com.athena.shared.entity.report.ArtChartTemplate] is being defaulted to: ArtChartTemplate.
[EL Config]: metadata: 2016-03-14 11:45:29.278--ServerSession(1540159731)--Thread(Thread[Test worker,5,main])--The alias name for the entity class [class com.app.shared.organizationboundedcontext.location.Country] is being defaulted to: Country.
[EL Config]: metadata: 2016-03-14 11:45:29.278--ServerSession(1540159731)--Thread(Thread[Test worker,5,main])--The alias name for the entity class [class com.spartan.sprinkler.entity.ArtLogConfig] is being defaulted to: ArtLogConfig.
[EL Config]: metadata: 2016-03-14 11:45:29.279--ServerSession(1540159731)--Thread(Thread[Test worker,5,main])--The alias name for the entity class [class com.spartan.healthmeter.entity.ArtHealthStatusConfiguration] is being defaulted to: ArtHealthStatusConfiguration.
[EL Config]: metadata: 2016-03-14 11:45:29.28--ServerSession(1540159731)--Thread(Thread[Test worker,5,main])--The alias name for the entity class [class com.spartan.sprinkler.entity.ArtLogModule] is being defaulted to: ArtLogModule.
[EL Config]: metadata: 2016-03-14 11:45:29.281--ServerSession(1540159731)--Thread(Thread[Test worker,5,main])--The alias name for the entity class [class com.spartan.sprinkler.entity.ArtAppAlarm] is being defaulted to: ArtAppAlarm.
[EL Config]: metadata: 2016-03-14 11:45:29.282--ServerSession(1540159731)--Thread(Thread[Test worker,5,main])--The alias name for the entity class [class com.app.shared.aaaboundedcontext.authentication.SessionData] is being defaulted to: SessionData.
[EL Config]: metadata: 2016-03-14 11:45:29.282--ServerSession(1540159731)--Thread(Thread[Test worker,5,main])--The alias name for the entity class [class com.app.shared.organizationboundedcontext.location.Timezone] is being defaulted to: Timezone.
[EL Config]: metadata: 2016-03-14 11:45:29.283--ServerSession(1540159731)--Thread(Thread[Test worker,5,main])--The alias name for the entity class [class com.athena.shared.entity.report.ArtChartCategory] is being defaulted to: ArtChartCategory.
[EL Config]: metadata: 2016-03-14 11:45:29.284--ServerSession(1540159731)--Thread(Thread[Test worker,5,main])--The alias name for the entity class [class com.athena.shared.entity.report.ArtChartJson] is being defaulted to: ArtChartJson.
[EL Config]: metadata: 2016-03-14 11:45:29.285--ServerSession(1540159731)--Thread(Thread[Test worker,5,main])--The alias name for the entity class [class com.app.shared.organizationboundedcontext.contacts.ContactType] is being defaulted to: ContactType.
[EL Config]: metadata: 2016-03-14 11:45:29.285--ServerSession(1540159731)--Thread(Thread[Test worker,5,main])--The alias name for the entity class [class com.spartan.sprinkler.entity.ArtLoggingProperties] is being defaulted to: ArtLoggingProperties.
[EL Config]: metadata: 2016-03-14 11:45:29.286--ServerSession(1540159731)--Thread(Thread[Test worker,5,main])--The alias name for the entity class [class com.spartan.healthmeter.entity.ZenHealthGauge] is being defaulted to: ZenHealthGauge.
[EL Config]: metadata: 2016-03-14 11:45:29.287--ServerSession(1540159731)--Thread(Thread[Test worker,5,main])--The alias name for the entity class [class com.athena.shared.entity.report.ArtChartProperties] is being defaulted to: ArtChartProperties.
[EL Config]: metadata: 2016-03-14 11:45:29.288--ServerSession(1540159731)--Thread(Thread[Test worker,5,main])--The alias name for the entity class [class com.athena.shared.entity.query.ArtUserLastStatus] is being defaulted to: ArtUserLastStatus.
[EL Config]: metadata: 2016-03-14 11:45:29.289--ServerSession(1540159731)--Thread(Thread[Test worker,5,main])--The alias name for the entity class [class com.app.shared.organizationboundedcontext.location.Address] is being defaulted to: Address.
[EL Config]: metadata: 2016-03-14 11:45:29.289--ServerSession(1540159731)--Thread(Thread[Test worker,5,main])--The alias name for the entity class [class com.app.shared.aaaboundedcontext.authentication.Login] is being defaulted to: Login.
[EL Config]: metadata: 2016-03-14 11:45:29.29--ServerSession(1540159731)--Thread(Thread[Test worker,5,main])--The alias name for the entity class [class com.app.shared.organizationboundedcontext.location.State] is being defaulted to: State.
[EL Config]: metadata: 2016-03-14 11:45:29.291--ServerSession(1540159731)--Thread(Thread[Test worker,5,main])--The alias name for the entity class [class com.spartan.healthmeter.entity.HealthSchedulerConfiguration] is being defaulted to: HealthSchedulerConfiguration.
[EL Config]: metadata: 2016-03-14 11:45:29.292--ServerSession(1540159731)--Thread(Thread[Test worker,5,main])--The alias name for the entity class [class com.athena.scheduler.entity.ArtScheduleConfig] is being defaulted to: ArtScheduleConfig.
[EL Config]: metadata: 2016-03-14 11:45:29.292--ServerSession(1540159731)--Thread(Thread[Test worker,5,main])--The alias name for the entity class [class com.spartan.healthmeter.entity.ZenSchedulerHealth] is being defaulted to: ZenSchedulerHealth.
[EL Config]: metadata: 2016-03-14 11:45:29.294--ServerSession(1540159731)--Thread(Thread[Test worker,5,main])--The alias name for the entity class [class com.athena.shared.entity.report.ArtChartType] is being defaulted to: ArtChartType.
[EL Config]: metadata: 2016-03-14 11:45:29.294--ServerSession(1540159731)--Thread(Thread[Test worker,5,main])--The alias name for the entity class [class com.app.shared.organizationboundedcontext.location.City] is being defaulted to: City.
[EL Config]: metadata: 2016-03-14 11:45:29.295--ServerSession(1540159731)--Thread(Thread[Test worker,5,main])--The alias name for the entity class [class com.app.shared.aaaboundedcontext.authentication.UserAccessLevel] is being defaulted to: UserAccessLevel.
[EL Config]: metadata: 2016-03-14 11:45:29.296--ServerSession(1540159731)--Thread(Thread[Test worker,5,main])--The alias name for the entity class [class com.spartan.shield.server.entity.AppSessionConfig] is being defaulted to: AppSessionConfig.
[EL Config]: metadata: 2016-03-14 11:45:29.296--ServerSession(1540159731)--Thread(Thread[Test worker,5,main])--The alias name for the entity class [class com.athena.shared.entity.report.ArtChartPropLanguage] is being defaulted to: ArtChartPropLanguage.
[EL Config]: metadata: 2016-03-14 11:45:29.297--ServerSession(1540159731)--Thread(Thread[Test worker,5,main])--The alias name for the entity class [class com.athena.shared.entity.report.ArtLangMaster] is being defaulted to: ArtLangMaster.
[EL Config]: metadata: 2016-03-14 11:45:29.298--ServerSession(1540159731)--Thread(Thread[Test worker,5,main])--The alias name for the entity class [class com.app.shared.aaaboundedcontext.authentication.UserData] is being defaulted to: UserData.
[EL Config]: metadata: 2016-03-14 11:45:29.299--ServerSession(1540159731)--Thread(Thread[Test worker,5,main])--The alias name for the entity class [class com.app.shared.aaaboundedcontext.authentication.PassRecovery] is being defaulted to: PassRecovery.
[EL Config]: metadata: 2016-03-14 11:45:29.299--ServerSession(1540159731)--Thread(Thread[Test worker,5,main])--The alias name for the entity class [class com.spartan.sprinkler.entity.ArtLogConnector] is being defaulted to: ArtLogConnector.
[EL Config]: metadata: 2016-03-14 11:45:29.3--ServerSession(1540159731)--Thread(Thread[Test worker,5,main])--The alias name for the entity class [class com.app.shared.organizationboundedcontext.contacts.CommunicationType] is being defaulted to: CommunicationType.
[EL Config]: metadata: 2016-03-14 11:45:29.3--ServerSession(1540159731)--Thread(Thread[Test worker,5,main])--The alias name for the entity class [class com.app.shared.aaaboundedcontext.authentication.PasswordAlgo] is being defaulted to: PasswordAlgo.
[EL Config]: metadata: 2016-03-14 11:45:29.301--ServerSession(1540159731)--Thread(Thread[Test worker,5,main])--The alias name for the entity class [class com.app.shared.organizationboundedcontext.contacts.Title] is being defaulted to: Title.
[EL Config]: metadata: 2016-03-14 11:45:29.302--ServerSession(1540159731)--Thread(Thread[Test worker,5,main])--The alias name for the entity class [class com.app.shared.aaaboundedcontext.authentication.Question] is being defaulted to: Question.
[EL Config]: metadata: 2016-03-14 11:45:29.302--ServerSession(1540159731)--Thread(Thread[Test worker,5,main])--The alias name for the entity class [class com.app.shared.aaaboundedcontext.authentication.User] is being defaulted to: User.
[EL Config]: metadata: 2016-03-14 11:45:29.303--ServerSession(1540159731)--Thread(Thread[Test worker,5,main])--The alias name for the entity class [class com.spartan.healthmeter.entity.ZenHealthStatus] is being defaulted to: ZenHealthStatus.
[EL Config]: metadata: 2016-03-14 11:45:29.304--ServerSession(1540159731)--Thread(Thread[Test worker,5,main])--The alias name for the entity class [class com.app.shared.aaaboundedcontext.authentication.UserAccessDomain] is being defaulted to: UserAccessDomain.
[EL Config]: metadata: 2016-03-14 11:45:29.304--ServerSession(1540159731)--Thread(Thread[Test worker,5,main])--The alias name for the entity class [class com.app.shared.aaaboundedcontext.authorization.AppMenus] is being defaulted to: AppMenus.
[EL Config]: metadata: 2016-03-14 11:45:29.305--ServerSession(1540159731)--Thread(Thread[Test worker,5,main])--The alias name for the entity class [class com.athena.scheduler.entity.ArtJobDetails] is being defaulted to: ArtJobDetails.
[EL Config]: metadata: 2016-03-14 11:45:29.306--ServerSession(1540159731)--Thread(Thread[Test worker,5,main])--The column name for element [statusTime] is being defaulted to: STATUSTIME.
[EL Config]: metadata: 2016-03-14 11:45:29.306--ServerSession(1540159731)--Thread(Thread[Test worker,5,main])--The alias name for the entity class [class com.spartan.healthmeter.entity.ArtHealthSchedulerConfiguration] is being defaulted to: ArtHealthSchedulerConfiguration.
[EL Config]: metadata: 2016-03-14 11:45:29.307--ServerSession(1540159731)--Thread(Thread[Test worker,5,main])--The alias name for the entity class [class com.spartan.healthmeter.entity.ZenRequestDetails] is being defaulted to: ZenRequestDetails.
[EL Config]: metadata: 2016-03-14 11:45:29.308--ServerSession(1540159731)--Thread(Thread[Test worker,5,main])--The alias name for the entity class [class com.athena.shared.entity.report.ArtReportBuilderDetails] is being defaulted to: ArtReportBuilderDetails.
[EL Config]: metadata: 2016-03-14 11:45:29.309--ServerSession(1540159731)--Thread(Thread[Test worker,5,main])--The alias name for the entity class [class com.app.shared.aaaboundedcontext.authorization.RoleMenuBridge] is being defaulted to: RoleMenuBridge.
[EL Config]: metadata: 2016-03-14 11:45:29.31--ServerSession(1540159731)--Thread(Thread[Test worker,5,main])--The alias name for the entity class [class com.app.shared.organizationboundedcontext.contacts.CommunicationGroup] is being defaulted to: CommunicationGroup.
[EL Config]: metadata: 2016-03-14 11:45:29.31--ServerSession(1540159731)--Thread(Thread[Test worker,5,main])--The alias name for the entity class [class com.app.shared.organizationboundedcontext.location.AddressType] is being defaulted to: AddressType.
[EL Config]: metadata: 2016-03-14 11:45:29.311--ServerSession(1540159731)--Thread(Thread[Test worker,5,main])--The alias name for the entity class [class com.spartan.healthmeter.entity.ZenHealthCounter] is being defaulted to: ZenHealthCounter.
[EL Config]: metadata: 2016-03-14 11:45:29.311--ServerSession(1540159731)--Thread(Thread[Test worker,5,main])--The alias name for the entity class [class com.app.shared.organizationboundedcontext.contacts.Gender] is being defaulted to: Gender.
[EL Config]: metadata: 2016-03-14 11:45:29.312--ServerSession(1540159731)--Thread(Thread[Test worker,5,main])--The alias name for the entity class [class com.app.shared.organizationboundedcontext.contacts.CoreContacts] is being defaulted to: CoreContacts.
[EL Config]: metadata: 2016-03-14 11:45:29.313--ServerSession(1540159731)--Thread(Thread[Test worker,5,main])--The alias name for the entity class [class com.spartan.healthmeter.entity.ZenHealth] is being defaulted to: ZenHealth.
[EL Config]: metadata: 2016-03-14 11:45:29.314--ServerSession(1540159731)--Thread(Thread[Test worker,5,main])--The alias name for the entity class [class com.athena.shared.entity.report.ArtChartDataFieldJson] is being defaulted to: ArtChartDataFieldJson.
[EL Config]: metadata: 2016-03-14 11:45:29.315--ServerSession(1540159731)--Thread(Thread[Test worker,5,main])--The alias name for the entity class [class com.athena.shared.entity.report.ArtReportUI] is being defaulted to: ArtReportUI.
[EL Config]: metadata: 2016-03-14 11:45:29.316--ServerSession(1540159731)--Thread(Thread[Test worker,5,main])--The alias name for the entity class [class com.athena.server.bean.EntityBean] is being defaulted to: EntityBean.
[EL Config]: metadata: 2016-03-14 11:45:29.316--ServerSession(1540159731)--Thread(Thread[Test worker,5,main])--The table name for entity [class com.athena.server.bean.EntityBean] is being defaulted to: ENTITYBEAN.
[EL Config]: metadata: 2016-03-14 11:45:29.316--ServerSession(1540159731)--Thread(Thread[Test worker,5,main])--The column name for element [id] is being defaulted to: ID.
[EL Config]: metadata: 2016-03-14 11:45:29.316--ServerSession(1540159731)--Thread(Thread[Test worker,5,main])--The column name for element [name] is being defaulted to: NAME.
[EL Config]: metadata: 2016-03-14 11:45:29.317--ServerSession(1540159731)--Thread(Thread[Test worker,5,main])--The column name for element [fields] is being defaulted to: FIELDS.
[EL Config]: metadata: 2016-03-14 11:45:29.318--ServerSession(1540159731)--Thread(Thread[Test worker,5,main])--The alias name for the entity class [class com.spartan.sprinkler.entity.ArtLogSeverity] is being defaulted to: ArtLogSeverity.
[EL Config]: metadata: 2016-03-14 11:45:29.319--ServerSession(1540159731)--Thread(Thread[Test worker,5,main])--The alias name for the entity class [class com.spartan.sprinkler.entity.ArtLogConnectorAttributes] is being defaulted to: ArtLogConnectorAttributes.
[EL Config]: metadata: 2016-03-14 11:45:29.32--ServerSession(1540159731)--Thread(Thread[Test worker,5,main])--The alias name for the entity class [class com.app.shared.aaaboundedcontext.authorization.UserRoleBridge] is being defaulted to: UserRoleBridge.
[EL Info]: 2016-03-14 11:45:29.87--ServerSession(1540159731)--Thread(Thread[Test worker,5,main])--EclipseLink, version: Eclipse Persistence Services - 2.5.1.v20130918-f2b9fc5
[EL Fine]: connection: 2016-03-14 11:45:30.098--Thread(Thread[Test worker,5,main])--Detected database platform: org.eclipse.persistence.platform.database.MySQLPlatform
[EL Config]: connection: 2016-03-14 11:45:30.109--ServerSession(1540159731)--Connection(1818202835)--Thread(Thread[Test worker,5,main])--connecting(DatabaseLogin(
	platform=>MySQLPlatform
	user name=> "spro"
	datasource URL=> "jdbc:mysql://localhost-MYSQL:3306/spro"
))
[EL Config]: connection: 2016-03-14 11:45:30.115--ServerSession(1540159731)--Connection(983384603)--Thread(Thread[Test worker,5,main])--Connected: jdbc:mysql://localhost-MYSQL:3306/spro
	User: spro@172.17.0.4
	Database: MySQL  Version: 5.7.7-rc
	Driver: MySQL Connector Java  Version: mysql-connector-java-5.1.31 ( Revision: alexander.soklakov@oracle.com-20140520065950-groqzzbvxprqdmnz )
[EL Config]: connection: 2016-03-14 11:45:30.115--ServerSession(1540159731)--Connection(710875309)--Thread(Thread[Test worker,5,main])--connecting(DatabaseLogin(
	platform=>MySQLPlatform
	user name=> "spro"
	datasource URL=> "jdbc:mysql://localhost-MYSQL:3306/spro"
))
[EL Config]: connection: 2016-03-14 11:45:30.121--ServerSession(1540159731)--Connection(1117662492)--Thread(Thread[Test worker,5,main])--Connected: jdbc:mysql://localhost-MYSQL:3306/spro
	User: spro@172.17.0.4
	Database: MySQL  Version: 5.7.7-rc
	Driver: MySQL Connector Java  Version: mysql-connector-java-5.1.31 ( Revision: alexander.soklakov@oracle.com-20140520065950-groqzzbvxprqdmnz )
[EL Config]: connection: 2016-03-14 11:45:30.121--ServerSession(1540159731)--Connection(514042735)--Thread(Thread[Test worker,5,main])--connecting(DatabaseLogin(
	platform=>MySQLPlatform
	user name=> "spro"
	datasource URL=> "jdbc:mysql://localhost-MYSQL:3306/spro"
))
[EL Config]: connection: 2016-03-14 11:45:30.127--ServerSession(1540159731)--Connection(1799045381)--Thread(Thread[Test worker,5,main])--Connected: jdbc:mysql://localhost-MYSQL:3306/spro
	User: spro@172.17.0.4
	Database: MySQL  Version: 5.7.7-rc
	Driver: MySQL Connector Java  Version: mysql-connector-java-5.1.31 ( Revision: alexander.soklakov@oracle.com-20140520065950-groqzzbvxprqdmnz )
[EL Config]: connection: 2016-03-14 11:45:30.127--ServerSession(1540159731)--Connection(2133452354)--Thread(Thread[Test worker,5,main])--connecting(DatabaseLogin(
	platform=>MySQLPlatform
	user name=> "spro"
	datasource URL=> "jdbc:mysql://localhost-MYSQL:3306/spro"
))
[EL Config]: connection: 2016-03-14 11:45:30.133--ServerSession(1540159731)--Connection(441999367)--Thread(Thread[Test worker,5,main])--Connected: jdbc:mysql://localhost-MYSQL:3306/spro
	User: spro@172.17.0.4
	Database: MySQL  Version: 5.7.7-rc
	Driver: MySQL Connector Java  Version: mysql-connector-java-5.1.31 ( Revision: alexander.soklakov@oracle.com-20140520065950-groqzzbvxprqdmnz )
[EL Config]: connection: 2016-03-14 11:45:30.133--ServerSession(1540159731)--Connection(537426196)--Thread(Thread[Test worker,5,main])--connecting(DatabaseLogin(
	platform=>MySQLPlatform
	user name=> "spro"
	datasource URL=> "jdbc:mysql://localhost-MYSQL:3306/spro"
))
[EL Config]: connection: 2016-03-14 11:45:30.14--ServerSession(1540159731)--Connection(288688801)--Thread(Thread[Test worker,5,main])--Connected: jdbc:mysql://localhost-MYSQL:3306/spro
	User: spro@172.17.0.4
	Database: MySQL  Version: 5.7.7-rc
	Driver: MySQL Connector Java  Version: mysql-connector-java-5.1.31 ( Revision: alexander.soklakov@oracle.com-20140520065950-groqzzbvxprqdmnz )
[EL Config]: connection: 2016-03-14 11:45:30.14--ServerSession(1540159731)--Connection(827119834)--Thread(Thread[Test worker,5,main])--connecting(DatabaseLogin(
	platform=>MySQLPlatform
	user name=> "spro"
	datasource URL=> "jdbc:mysql://localhost-MYSQL:3306/spro"
))
[EL Config]: connection: 2016-03-14 11:45:30.146--ServerSession(1540159731)--Connection(330539551)--Thread(Thread[Test worker,5,main])--Connected: jdbc:mysql://localhost-MYSQL:3306/spro
	User: spro@172.17.0.4
	Database: MySQL  Version: 5.7.7-rc
	Driver: MySQL Connector Java  Version: mysql-connector-java-5.1.31 ( Revision: alexander.soklakov@oracle.com-20140520065950-groqzzbvxprqdmnz )
[EL Config]: connection: 2016-03-14 11:45:30.147--ServerSession(1540159731)--Connection(1985522515)--Thread(Thread[Test worker,5,main])--connecting(DatabaseLogin(
	platform=>MySQLPlatform
	user name=> "spro"
	datasource URL=> "jdbc:mysql://localhost-MYSQL:3306/spro"
))
[EL Config]: connection: 2016-03-14 11:45:30.152--ServerSession(1540159731)--Connection(1510531992)--Thread(Thread[Test worker,5,main])--Connected: jdbc:mysql://localhost-MYSQL:3306/spro
	User: spro@172.17.0.4
	Database: MySQL  Version: 5.7.7-rc
	Driver: MySQL Connector Java  Version: mysql-connector-java-5.1.31 ( Revision: alexander.soklakov@oracle.com-20140520065950-groqzzbvxprqdmnz )
[EL Config]: connection: 2016-03-14 11:45:30.152--ServerSession(1540159731)--Connection(2106998357)--Thread(Thread[Test worker,5,main])--connecting(DatabaseLogin(
	platform=>MySQLPlatform
	user name=> "spro"
	datasource URL=> "jdbc:mysql://localhost-MYSQL:3306/spro"
))
[EL Config]: connection: 2016-03-14 11:45:30.158--ServerSession(1540159731)--Connection(1913127639)--Thread(Thread[Test worker,5,main])--Connected: jdbc:mysql://localhost-MYSQL:3306/spro
	User: spro@172.17.0.4
	Database: MySQL  Version: 5.7.7-rc
	Driver: MySQL Connector Java  Version: mysql-connector-java-5.1.31 ( Revision: alexander.soklakov@oracle.com-20140520065950-groqzzbvxprqdmnz )
[EL Config]: connection: 2016-03-14 11:45:30.158--ServerSession(1540159731)--Connection(1811065789)--Thread(Thread[Test worker,5,main])--connecting(DatabaseLogin(
	platform=>MySQLPlatform
	user name=> "spro"
	datasource URL=> "jdbc:mysql://localhost-MYSQL:3306/spro"
))
[EL Config]: connection: 2016-03-14 11:45:30.163--ServerSession(1540159731)--Connection(380578271)--Thread(Thread[Test worker,5,main])--Connected: jdbc:mysql://localhost-MYSQL:3306/spro
	User: spro@172.17.0.4
	Database: MySQL  Version: 5.7.7-rc
	Driver: MySQL Connector Java  Version: mysql-connector-java-5.1.31 ( Revision: alexander.soklakov@oracle.com-20140520065950-groqzzbvxprqdmnz )
[EL Config]: connection: 2016-03-14 11:45:30.163--ServerSession(1540159731)--Connection(1172699931)--Thread(Thread[Test worker,5,main])--connecting(DatabaseLogin(
	platform=>MySQLPlatform
	user name=> "spro"
	datasource URL=> "jdbc:mysql://localhost-MYSQL:3306/spro"
))
[EL Config]: connection: 2016-03-14 11:45:30.169--ServerSession(1540159731)--Connection(1186079836)--Thread(Thread[Test worker,5,main])--Connected: jdbc:mysql://localhost-MYSQL:3306/spro
	User: spro@172.17.0.4
	Database: MySQL  Version: 5.7.7-rc
	Driver: MySQL Connector Java  Version: mysql-connector-java-5.1.31 ( Revision: alexander.soklakov@oracle.com-20140520065950-groqzzbvxprqdmnz )
[EL Config]: connection: 2016-03-14 11:45:30.169--ServerSession(1540159731)--Connection(1500592198)--Thread(Thread[Test worker,5,main])--connecting(DatabaseLogin(
	platform=>MySQLPlatform
	user name=> "spro"
	datasource URL=> "jdbc:mysql://localhost-MYSQL:3306/spro"
))
[EL Config]: connection: 2016-03-14 11:45:30.175--ServerSession(1540159731)--Connection(1740996867)--Thread(Thread[Test worker,5,main])--Connected: jdbc:mysql://localhost-MYSQL:3306/spro
	User: spro@172.17.0.4
	Database: MySQL  Version: 5.7.7-rc
	Driver: MySQL Connector Java  Version: mysql-connector-java-5.1.31 ( Revision: alexander.soklakov@oracle.com-20140520065950-groqzzbvxprqdmnz )
[EL Config]: connection: 2016-03-14 11:45:30.175--ServerSession(1540159731)--Connection(1469653294)--Thread(Thread[Test worker,5,main])--connecting(DatabaseLogin(
	platform=>MySQLPlatform
	user name=> "spro"
	datasource URL=> "jdbc:mysql://localhost-MYSQL:3306/spro"
))
[EL Config]: connection: 2016-03-14 11:45:30.181--ServerSession(1540159731)--Connection(854858545)--Thread(Thread[Test worker,5,main])--Connected: jdbc:mysql://localhost-MYSQL:3306/spro
	User: spro@172.17.0.4
	Database: MySQL  Version: 5.7.7-rc
	Driver: MySQL Connector Java  Version: mysql-connector-java-5.1.31 ( Revision: alexander.soklakov@oracle.com-20140520065950-groqzzbvxprqdmnz )
[EL Config]: connection: 2016-03-14 11:45:30.181--ServerSession(1540159731)--Connection(941967385)--Thread(Thread[Test worker,5,main])--connecting(DatabaseLogin(
	platform=>MySQLPlatform
	user name=> "spro"
	datasource URL=> "jdbc:mysql://localhost-MYSQL:3306/spro"
))
[EL Config]: connection: 2016-03-14 11:45:30.186--ServerSession(1540159731)--Connection(942348483)--Thread(Thread[Test worker,5,main])--Connected: jdbc:mysql://localhost-MYSQL:3306/spro
	User: spro@172.17.0.4
	Database: MySQL  Version: 5.7.7-rc
	Driver: MySQL Connector Java  Version: mysql-connector-java-5.1.31 ( Revision: alexander.soklakov@oracle.com-20140520065950-groqzzbvxprqdmnz )
[EL Config]: connection: 2016-03-14 11:45:30.186--ServerSession(1540159731)--Connection(359057156)--Thread(Thread[Test worker,5,main])--connecting(DatabaseLogin(
	platform=>MySQLPlatform
	user name=> "spro"
	datasource URL=> "jdbc:mysql://localhost-MYSQL:3306/spro"
))
[EL Config]: connection: 2016-03-14 11:45:30.192--ServerSession(1540159731)--Connection(161469897)--Thread(Thread[Test worker,5,main])--Connected: jdbc:mysql://localhost-MYSQL:3306/spro
	User: spro@172.17.0.4
	Database: MySQL  Version: 5.7.7-rc
	Driver: MySQL Connector Java  Version: mysql-connector-java-5.1.31 ( Revision: alexander.soklakov@oracle.com-20140520065950-groqzzbvxprqdmnz )
[EL Config]: connection: 2016-03-14 11:45:30.193--ServerSession(1540159731)--Connection(1552712718)--Thread(Thread[Test worker,5,main])--connecting(DatabaseLogin(
	platform=>MySQLPlatform
	user name=> "spro"
	datasource URL=> "jdbc:mysql://localhost-MYSQL:3306/spro"
))
[EL Config]: connection: 2016-03-14 11:45:30.198--ServerSession(1540159731)--Connection(1361928018)--Thread(Thread[Test worker,5,main])--Connected: jdbc:mysql://localhost-MYSQL:3306/spro
	User: spro@172.17.0.4
	Database: MySQL  Version: 5.7.7-rc
	Driver: MySQL Connector Java  Version: mysql-connector-java-5.1.31 ( Revision: alexander.soklakov@oracle.com-20140520065950-groqzzbvxprqdmnz )
[EL Config]: connection: 2016-03-14 11:45:30.199--ServerSession(1540159731)--Connection(1361928018)--Thread(Thread[Test worker,5,main])--disconnect
[EL Warning]: metadata: 2016-03-14 11:45:30.207--ServerSession(1540159731)--Thread(Thread[Test worker,5,main])--Reverting the lazy setting on the OneToOne or ManyToOne attribute [user] for the entity class [class com.app.shared.aaaboundedcontext.authentication.PassRecovery] since weaving was not enabled or did not occur.
[EL Warning]: metadata: 2016-03-14 11:45:30.208--ServerSession(1540159731)--Thread(Thread[Test worker,5,main])--Reverting the lazy setting on the OneToOne or ManyToOne attribute [userData] for the entity class [class com.app.shared.aaaboundedcontext.authentication.User] since weaving was not enabled or did not occur.
[EL Warning]: metadata: 2016-03-14 11:45:30.209--ServerSession(1540159731)--Thread(Thread[Test worker,5,main])--Reverting the lazy setting on the OneToOne or ManyToOne attribute [artScheduleConfig] for the entity class [class com.athena.scheduler.entity.ArtJobDetails] since weaving was not enabled or did not occur.
[EL Warning]: metadata: 2016-03-14 11:45:30.211--ServerSession(1540159731)--Thread(Thread[Test worker,5,main])--Reverting the lazy setting on the OneToOne or ManyToOne attribute [timezone] for the entity class [class com.app.shared.organizationboundedcontext.contacts.CoreContacts] since weaving was not enabled or did not occur.
[EL Warning]: metadata: 2016-03-14 11:45:30.212--ServerSession(1540159731)--Thread(Thread[Test worker,5,main])--Reverting the lazy setting on the OneToOne or ManyToOne attribute [coreContacts] for the entity class [class com.app.shared.aaaboundedcontext.authentication.Login] since weaving was not enabled or did not occur.
[EL Warning]: metadata: 2016-03-14 11:45:30.212--ServerSession(1540159731)--Thread(Thread[Test worker,5,main])--Reverting the lazy setting on the OneToOne or ManyToOne attribute [user] for the entity class [class com.app.shared.aaaboundedcontext.authentication.Login] since weaving was not enabled or did not occur.
[EL Warning]: metadata: 2016-03-14 11:45:30.214--ServerSession(1540159731)--Thread(Thread[Test worker,5,main])--Reverting the lazy setting on the OneToOne or ManyToOne attribute [user] for the entity class [class com.app.shared.aaaboundedcontext.authentication.UserData] since weaving was not enabled or did not occur.
[EL Warning]: metadata: 2016-03-14 11:45:30.216--ServerSession(1540159731)--Thread(Thread[Test worker,5,main])--Reverting the lazy setting on the OneToOne or ManyToOne attribute [artJobDetails] for the entity class [class com.athena.scheduler.entity.ArtScheduleConfig] since weaving was not enabled or did not occur.
[EL Info]: connection: 2016-03-14 11:45:30.393--ServerSession(1540159731)--Thread(Thread[Test worker,5,main])--file:/home/applifire/workspace/salespro1/build/resources/main_salespro1 login successful
[EL Fine]: sql: 2016-03-14 11:45:36.206--ClientSession(719081104)--Connection(161469897)--Thread(Thread[Test worker,5,main])--SELECT query_id, active_status, app_creator_id, created_by, created_date, hidden_name, jpql_query, name, project_id, project_version_id, query_json, query_type, sql_query, updated_by, updated_date, user_access, version_id FROM art_query WHERE ((active_status = ?) AND (sql_query IS NULL))
	bind => [true]
[EL Config]: connection: 2016-03-14 11:45:36.22--ServerSession(1540159731)--Connection(161469897)--Thread(Thread[Test worker,5,main])--disconnect
[EL Fine]: sql: 2016-03-14 11:45:36.227--ClientSession(1113780936)--Connection(942348483)--Thread(Thread[Test worker,5,main])--SELECT query_id, active_status, app_creator_id, created_by, created_date, hidden_name, jpql_query, name, project_id, project_version_id, query_json, query_type, sql_query, updated_by, updated_date, user_access, version_id FROM art_query WHERE (query_id = ?)
	bind => [2BA2205F-0798-4775-839B-EE44203F73D9]
[EL Fine]: sql: 2016-03-14 11:45:36.23--ClientSession(1113780936)--Connection(942348483)--Thread(Thread[Test worker,5,main])--UPDATE art_query SET sql_query = ? WHERE (query_id = ?)
	bind => [SELECT t0.loginPk, t0.failedLoginAttempts, t0.loginId, t0.serverAuthImage, t0.serverAuthText, t0.versionId, t0.createdBy, t0.createdDate, t0.updatedBy, t0.updatedDate, t0.activeStatus, t0.txnAccessCode, t0.contactId, t0.userId FROM ast_Login_T t0, ast_User_T t1 WHERE (((t0.activeStatus = ?) AND t1.userId IN (SELECT t2.userId FROM ast_UserRoleBridge_T t2)) AND (t1.userId = t0.userId)), 2BA2205F-0798-4775-839B-EE44203F73D9]
[EL Config]: connection: 2016-03-14 11:45:36.279--ServerSession(1540159731)--Connection(942348483)--Thread(Thread[Test worker,5,main])--disconnect
[EL Fine]: sql: 2016-03-14 11:45:36.299--ClientSession(1426063793)--Connection(854858545)--Thread(Thread[Test worker,5,main])--SELECT query_id, active_status, app_creator_id, created_by, created_date, hidden_name, jpql_query, name, project_id, project_version_id, query_json, query_type, sql_query, updated_by, updated_date, user_access, version_id FROM art_query WHERE (query_id = ?)
	bind => [61B3D9AF-A460-4B96-97C6-52A240AED894]
[EL Fine]: sql: 2016-03-14 11:45:36.301--ClientSession(1426063793)--Connection(854858545)--Thread(Thread[Test worker,5,main])--UPDATE art_query SET sql_query = ? WHERE (query_id = ?)
	bind => [SELECT CONCAT(CONCAT(CONCAT(CONCAT(CONCAT(CONCAT(t0.firstName, ?), t2.ipAddress), ?), t2.requestId), ?), t2.appSessionId), t2.requestId, t2.className, t2.requestTime, t2.requestMethod, t2.httpStatus, t2.returnStatus, t2.executionTime, t2.methodName, t2.startTime, t2.endTime, t2.typeofClass, t2.callSeqId, t2.exceptionId, t2.userId, t2.appSessionId FROM ast_User_T t3, zen_request_details t2, ast_Login_T t1, ast_CoreContacts_T t0 WHERE ((((t3.userId = t2.userId) AND (t2.requestTime >= ?)) AND (t2.requestTime <= ?)) AND ((t3.userId = t1.userId) AND (t0.contactId = t1.contactId))) ORDER BY t2.requestTime DESC, t2.requestId, t2.callSeqId ASC, 61B3D9AF-A460-4B96-97C6-52A240AED894]
[EL Config]: connection: 2016-03-14 11:45:36.801--ServerSession(1540159731)--Connection(854858545)--Thread(Thread[Test worker,5,main])--disconnect
[EL Fine]: sql: 2016-03-14 11:45:36.805--ClientSession(1566802509)--Connection(1740996867)--Thread(Thread[Test worker,5,main])--SELECT query_id, active_status, app_creator_id, created_by, created_date, hidden_name, jpql_query, name, project_id, project_version_id, query_json, query_type, sql_query, updated_by, updated_date, user_access, version_id FROM art_query WHERE (query_id = ?)
	bind => [69DB4042-AF28-4E8C-A07E-26B75D57D856]
[EL Fine]: sql: 2016-03-14 11:45:36.808--ClientSession(1566802509)--Connection(1740996867)--Thread(Thread[Test worker,5,main])--UPDATE art_query SET sql_query = ? WHERE (query_id = ?)
	bind => [DELETE FROM ast_SessionData_T WHERE ((activeStatus = ?) AND (appSessionId = ?)), 69DB4042-AF28-4E8C-A07E-26B75D57D856]
[EL Config]: connection: 2016-03-14 11:45:36.833--ServerSession(1540159731)--Connection(1740996867)--Thread(Thread[Test worker,5,main])--disconnect
[EL Fine]: sql: 2016-03-14 11:45:36.843--ClientSession(240090682)--Connection(1186079836)--Thread(Thread[Test worker,5,main])--SELECT query_id, active_status, app_creator_id, created_by, created_date, hidden_name, jpql_query, name, project_id, project_version_id, query_json, query_type, sql_query, updated_by, updated_date, user_access, version_id FROM art_query WHERE (query_id = ?)
	bind => [74D6C31A-A34F-4FE5-94B3-158979B282AA]
[EL Fine]: sql: 2016-03-14 11:45:36.847--ClientSession(240090682)--Connection(1186079836)--Thread(Thread[Test worker,5,main])--UPDATE art_query SET sql_query = ? WHERE (query_id = ?)
	bind => [SELECT healthId, scheduledDateTime, serverInstanceId, serverIpAddress, ROUND((? - ((usedSpace / totalSpace) * ?))), ROUND(((usedSpace / totalSpace) * ?)), ROUND(((totalSpace / ?) / ?)), status FROM zen_health_status ORDER BY scheduledDateTime DESC, 74D6C31A-A34F-4FE5-94B3-158979B282AA]
[EL Config]: connection: 2016-03-14 11:45:36.916--ServerSession(1540159731)--Connection(1186079836)--Thread(Thread[Test worker,5,main])--disconnect
[EL Fine]: sql: 2016-03-14 11:45:36.922--ClientSession(1858789997)--Connection(380578271)--Thread(Thread[Test worker,5,main])--SELECT query_id, active_status, app_creator_id, created_by, created_date, hidden_name, jpql_query, name, project_id, project_version_id, query_json, query_type, sql_query, updated_by, updated_date, user_access, version_id FROM art_query WHERE (query_id = ?)
	bind => [93EA9B8D-F1D2-4C87-87C4-9B1B28D0F308]
[EL Fine]: sql: 2016-03-14 11:45:36.927--ClientSession(1858789997)--Connection(380578271)--Thread(Thread[Test worker,5,main])--UPDATE art_query SET sql_query = ? WHERE (query_id = ?)
	bind => [SELECT t0.loginPk, t0.failedLoginAttempts, t0.loginId, t0.serverAuthImage, t0.serverAuthText, t0.versionId, t0.createdBy, t0.createdDate, t0.updatedBy, t0.updatedDate, t0.activeStatus, t0.txnAccessCode, t0.contactId, t0.userId FROM ast_Login_T t0, ast_User_T t1 WHERE (((t0.activeStatus = ?) AND t1.userId NOT IN (SELECT t2.userId FROM ast_UserRoleBridge_T t2)) AND (t1.userId = t0.userId)), 93EA9B8D-F1D2-4C87-87C4-9B1B28D0F308]
[EL Config]: connection: 2016-03-14 11:45:36.982--ServerSession(1540159731)--Connection(380578271)--Thread(Thread[Test worker,5,main])--disconnect
[EL Fine]: sql: 2016-03-14 11:45:36.996--ClientSession(1367777414)--Connection(1913127639)--Thread(Thread[Test worker,5,main])--SELECT query_id, active_status, app_creator_id, created_by, created_date, hidden_name, jpql_query, name, project_id, project_version_id, query_json, query_type, sql_query, updated_by, updated_date, user_access, version_id FROM art_query WHERE (query_id = ?)
	bind => [B74AFE08-B174-40CF-A529-F7E55688D8CE]
[EL Fine]: sql: 2016-03-14 11:45:36.999--ClientSession(1367777414)--Connection(1913127639)--Thread(Thread[Test worker,5,main])--UPDATE art_query SET sql_query = ? WHERE (query_id = ?)
	bind => [SELECT monitorId, scheduledDateTime, serverInstanceId, serverIpAddress, totalClass, classLoaded, classUnloaded, gcCollectionTime, gcMemoryName, ((nonHeapCommitted / ?) / ?), ((nonHeapUsed / ?) / ?), ((heapCommitted / ?) / ?), ((maxMemory / ?) / ?), (? - ((usedMemory / totalMemory) * ?)), ((heapUsed / ?) / ?), ((totalMemory / ?) / ?), startTime, upTime, cpuTime, ((freePhysicalSize / ?) / ?), ((totalPhysicalMemorySize / ?) / ?), cpuLoadTime, ROUND(((freeSwapSize / ?) / ?)), systemLoadAverage, ROUND(((totalSwapSize / ?) / ?)), availableProcessor, totalThread, threadPeakCount, threadStartedCount, threadDaemonCount, threadCpuTime, threadUserTime, cpuLoad, ((usedMemory / totalMemory) * ?), ((usedSwapSize / ?) / ?), ((usedPhysicalMemory / ?) / ?) FROM zen_health ORDER BY scheduledDateTime DESC, B74AFE08-B174-40CF-A529-F7E55688D8CE]
[EL Config]: connection: 2016-03-14 11:45:37.032--ServerSession(1540159731)--Connection(1913127639)--Thread(Thread[Test worker,5,main])--disconnect
[EL Fine]: sql: 2016-03-14 11:45:37.035--ClientSession(1673128974)--Connection(1510531992)--Thread(Thread[Test worker,5,main])--SELECT query_id, active_status, app_creator_id, created_by, created_date, hidden_name, jpql_query, name, project_id, project_version_id, query_json, query_type, sql_query, updated_by, updated_date, user_access, version_id FROM art_query WHERE (query_id = ?)
	bind => [BA9A72F9-7996-4E11-824E-D2807696AD43]
[EL Fine]: sql: 2016-03-14 11:45:37.039--ClientSession(1673128974)--Connection(1510531992)--Thread(Thread[Test worker,5,main])--UPDATE art_query SET sql_query = ? WHERE (query_id = ?)
	bind => [SELECT dataId, appSessionId, booleanValue, customerId, dataType, dateTimeValue, jsonValue, numberValue, sessionKey, stringValue, userId, versionId, createdBy, createdDate, updatedBy, updatedDate, activeStatus, txnAccessCode FROM ast_SessionData_T WHERE ((activeStatus = ?) AND (appSessionId = ?)), BA9A72F9-7996-4E11-824E-D2807696AD43]
[EL Config]: connection: 2016-03-14 11:45:37.064--ServerSession(1540159731)--Connection(1510531992)--Thread(Thread[Test worker,5,main])--disconnect
[EL Fine]: sql: 2016-03-14 11:45:37.068--ClientSession(29683907)--Connection(330539551)--Thread(Thread[Test worker,5,main])--SELECT query_id, active_status, app_creator_id, created_by, created_date, hidden_name, jpql_query, name, project_id, project_version_id, query_json, query_type, sql_query, updated_by, updated_date, user_access, version_id FROM art_query WHERE (query_id = ?)
	bind => [C09C91E2-9356-409F-97E6-601599FEFC9A]
[EL Fine]: sql: 2016-03-14 11:45:37.071--ClientSession(29683907)--Connection(330539551)--Thread(Thread[Test worker,5,main])--UPDATE art_query SET sql_query = ? WHERE (query_id = ?)
	bind => [SELECT dataId, appSessionId, booleanValue, customerId, dataType, dateTimeValue, jsonValue, numberValue, sessionKey, stringValue, userId, versionId, createdBy, createdDate, updatedBy, updatedDate, activeStatus, txnAccessCode FROM ast_SessionData_T WHERE (((activeStatus = ?) AND (appSessionId = ?)) AND (sessionKey = ?)), C09C91E2-9356-409F-97E6-601599FEFC9A]
Setting logged in user info for ADD
[EL Fine]: sql: 2016-03-14 11:45:42.469--ClientSession(52590404)--Connection(330539551)--Thread(Thread[Test worker,5,main])--INSERT INTO ast_PasswordPolicy_M (policyId, allowedSpecialLetters, maxPwdLength, minCapitalLetters, minNumericValues, minPwdLength, minSmallLetters, minSpecialLetters, policyDescription, policyName, versionId, createdBy, createdDate, updatedBy, updatedDate, activeStatus, txnAccessCode) VALUES (?, ?, ?, ?, ?, ?, ?, ?, ?, ?, ?, ?, ?, ?, ?, ?, ?)
	bind => [3B6B52A0-912D-4432-BB21-F80936055C2E, LVx0iz8jW5Uqj7CjnXvzs3IHXcw3eBr3xDqkCN1YUzWCcMxYAa, 20, 4, 4, 7, 7, 5, kp0Wkm5uFGHNFhLEW3XiWjjxW6zoLUdXMAhWrPcX1pp4D5i9ui, yH31pcTgwTRSqDAPeDjvkqliczjSf9omnfOnCwr8PYhAn9zeof, 1, AAAAA, 2016-03-14 11:45:42.339, null, 2016-03-14 11:45:42.339, 1, 51000]
[EL Fine]: sql: 2016-03-14 11:45:42.582--ClientSession(1133960541)--Connection(330539551)--Thread(Thread[Test worker,5,main])--SELECT policyId, allowedSpecialLetters, maxPwdLength, minCapitalLetters, minNumericValues, minPwdLength, minSmallLetters, minSpecialLetters, policyDescription, policyName, versionId, createdBy, createdDate, updatedBy, updatedDate, activeStatus, txnAccessCode FROM ast_PasswordPolicy_M WHERE ((activeStatus = ?) AND (policyId = ?))
	bind => [1, 3B6B52A0-912D-4432-BB21-F80936055C2E]
Setting logged in user info for UPDATE
[EL Fine]: sql: 2016-03-14 11:45:42.6--ClientSession(967288253)--Connection(330539551)--Thread(Thread[Test worker,5,main])--SELECT policyId, allowedSpecialLetters, maxPwdLength, minCapitalLetters, minNumericValues, minPwdLength, minSmallLetters, minSpecialLetters, policyDescription, policyName, versionId, createdBy, createdDate, updatedBy, updatedDate, activeStatus, txnAccessCode FROM ast_PasswordPolicy_M WHERE (policyId = ?)
	bind => [3B6B52A0-912D-4432-BB21-F80936055C2E]
[EL Fine]: sql: 2016-03-14 11:45:42.603--ClientSession(967288253)--Connection(330539551)--Thread(Thread[Test worker,5,main])--UPDATE ast_PasswordPolicy_M SET allowedSpecialLetters = ?, maxPwdLength = ?, minCapitalLetters = ?, minNumericValues = ?, minPwdLength = ?, minSmallLetters = ?, minSpecialLetters = ?, policyDescription = ?, policyName = ?, updatedBy = ?, versionId = ? WHERE ((policyId = ?) AND (versionId = ?))
	bind => [yXXjG1QOnruByFxbiJeaVVoB7Q3PogTw2EE9MMvTco8bghqlue, 23, 5, 10, 11, 11, 1, zl76xazyzNvqvq6xZ9AHebsnw4JnnG0PRbEukKCUKLmqUYjdiu, xBarjayUgjVBxB2JBDWnxiEw79sO9juOJDRxOg0mZblqb96H6m, AAAAA, 2, 3B6B52A0-912D-4432-BB21-F80936055C2E, 1]
[EL Fine]: sql: 2016-03-14 11:45:42.667--ClientSession(2129359782)--Connection(330539551)--Thread(Thread[Test worker,5,main])--SELECT policyId, allowedSpecialLetters, maxPwdLength, minCapitalLetters, minNumericValues, minPwdLength, minSmallLetters, minSpecialLetters, policyDescription, policyName, versionId, createdBy, createdDate, updatedBy, updatedDate, activeStatus, txnAccessCode FROM ast_PasswordPolicy_M WHERE ((activeStatus = ?) AND (policyId = ?))
	bind => [1, 3B6B52A0-912D-4432-BB21-F80936055C2E]
[EL Fine]: sql: 2016-03-14 11:45:42.685--ClientSession(1088411578)--Connection(330539551)--Thread(Thread[Test worker,5,main])--SELECT policyId, allowedSpecialLetters, maxPwdLength, minCapitalLetters, minNumericValues, minPwdLength, minSmallLetters, minSpecialLetters, policyDescription, policyName, versionId, createdBy, createdDate, updatedBy, updatedDate, activeStatus, txnAccessCode FROM ast_PasswordPolicy_M WHERE (policyId = ?)
	bind => [3B6B52A0-912D-4432-BB21-F80936055C2E]
[EL Fine]: sql: 2016-03-14 11:45:42.687--ClientSession(1088411578)--Connection(330539551)--Thread(Thread[Test worker,5,main])--DELETE FROM ast_PasswordPolicy_M WHERE ((policyId = ?) AND (versionId = ?))
	bind => [3B6B52A0-912D-4432-BB21-F80936055C2E, 2]
]]></system-out>
  <system-err><![CDATA[log4j:WARN No appenders could be found for logger (org.springframework.test.context.junit4.SpringJUnit4ClassRunner).
log4j:WARN Please initialize the log4j system properly.
log4j:WARN See http://logging.apache.org/log4j/1.2/faq.html#noconfig for more info.
com.mysql.jdbc.exceptions.jdbc4.MySQLSyntaxErrorException: Unknown column 'scheduledDateTime' in 'field list'
	at sun.reflect.NativeConstructorAccessorImpl.newInstance0(Native Method)
	at sun.reflect.NativeConstructorAccessorImpl.newInstance(NativeConstructorAccessorImpl.java:57)
	at sun.reflect.DelegatingConstructorAccessorImpl.newInstance(DelegatingConstructorAccessorImpl.java:45)
	at java.lang.reflect.Constructor.newInstance(Constructor.java:526)
	at com.mysql.jdbc.Util.handleNewInstance(Util.java:408)
	at com.mysql.jdbc.Util.getInstance(Util.java:383)
	at com.mysql.jdbc.SQLError.createSQLException(SQLError.java:1062)
	at com.mysql.jdbc.MysqlIO.checkErrorPacket(MysqlIO.java:4226)
	at com.mysql.jdbc.MysqlIO.checkErrorPacket(MysqlIO.java:4158)
	at com.mysql.jdbc.MysqlIO.sendCommand(MysqlIO.java:2615)
	at com.mysql.jdbc.MysqlIO.sqlQueryDirect(MysqlIO.java:2776)
	at com.mysql.jdbc.ConnectionImpl.execSQL(ConnectionImpl.java:2840)
	at com.mysql.jdbc.PreparedStatement.executeInternal(PreparedStatement.java:2082)
	at com.mysql.jdbc.PreparedStatement.executeUpdate(PreparedStatement.java:2334)
	at com.mysql.jdbc.PreparedStatement.executeUpdate(PreparedStatement.java:2262)
	at com.mysql.jdbc.PreparedStatement.executeUpdate(PreparedStatement.java:2246)
	at com.spartan.healthmeter.timerConfig.StatusConfigTimer.insertStatusData(StatusConfigTimer.java:225)
	at com.spartan.healthmeter.timerConfig.StatusConfigTimer.run(StatusConfigTimer.java:122)
	at java.util.TimerThread.mainLoop(Timer.java:555)
	at java.util.TimerThread.run(Timer.java:505)
]]></system-err>
</testsuite>
