<?xml version="1.0" encoding="UTF-8"?>
<testsuite name="com.app.server.service.aaaboundedcontext.authentication.PasswordAlgoTestCase" tests="4" skipped="0" failures="0" errors="0" timestamp="2016-03-14T11:45:43" hostname="0ac02da9f065" time="0.379">
  <properties/>
  <testcase name="test1Save" classname="com.app.server.service.aaaboundedcontext.authentication.PasswordAlgoTestCase" time="0.223"/>
  <testcase name="test2Update" classname="com.app.server.service.aaaboundedcontext.authentication.PasswordAlgoTestCase" time="0.073"/>
  <testcase name="test3FindById" classname="com.app.server.service.aaaboundedcontext.authentication.PasswordAlgoTestCase" time="0.019"/>
  <testcase name="test4Delete" classname="com.app.server.service.aaaboundedcontext.authentication.PasswordAlgoTestCase" time="0.064"/>
  <system-out><![CDATA[Setting logged in user info for ADD
[EL Fine]: sql: 2016-03-14 11:45:43.155--ClientSession(1531900453)--Connection(330539551)--Thread(Thread[Test worker,5,main])--INSERT INTO ast_PasswordAlgo_M (algoId, algoDescription, algoHelp, algoIcon, algoName, algorithm, versionId, createdBy, createdDate, updatedBy, updatedDate, activeStatus, txnAccessCode) VALUES (?, ?, ?, ?, ?, ?, ?, ?, ?, ?, ?, ?, ?)
	bind => [258CD00B-3418-43B5-8A0E-1D4D910DC9ED, 3fGIlX7zEFmghxz3sK9UbXUJEx1t7XqvrD0TLH8gmpKGbdPc7o, tBquSY2PBqPuH89onjT0ruUrRG4so6SRCIU0ghehE4OA7KwvAF, 6OTTQVami4ED1jbEAQJseUWNvRywwydpYB7hr035kckQ5ExFZ9, 7qshx7EIhPdwVcOMdPfJrKfEXaK30ueUn1XZhRZ86rIaRQkBEi, 1, 1, AAAAA, 2016-03-14 11:45:43.081, null, 2016-03-14 11:45:43.081, 1, 51000]
[EL Fine]: sql: 2016-03-14 11:45:43.299--ClientSession(2027514699)--Connection(330539551)--Thread(Thread[Test worker,5,main])--SELECT algoId, algoDescription, algoHelp, algoIcon, algoName, algorithm, versionId, createdBy, createdDate, updatedBy, updatedDate, activeStatus, txnAccessCode FROM ast_PasswordAlgo_M WHERE ((activeStatus = ?) AND (algoId = ?))
	bind => [1, 258CD00B-3418-43B5-8A0E-1D4D910DC9ED]
Setting logged in user info for UPDATE
[EL Fine]: sql: 2016-03-14 11:45:43.314--ClientSession(1651065810)--Connection(330539551)--Thread(Thread[Test worker,5,main])--SELECT algoId, algoDescription, algoHelp, algoIcon, algoName, algorithm, versionId, createdBy, createdDate, updatedBy, updatedDate, activeStatus, txnAccessCode FROM ast_PasswordAlgo_M WHERE (algoId = ?)
	bind => [258CD00B-3418-43B5-8A0E-1D4D910DC9ED]
[EL Fine]: sql: 2016-03-14 11:45:43.317--ClientSession(1651065810)--Connection(330539551)--Thread(Thread[Test worker,5,main])--UPDATE ast_PasswordAlgo_M SET algoDescription = ?, algoHelp = ?, algoIcon = ?, algoName = ?, algorithm = ?, updatedBy = ?, versionId = ? WHERE ((algoId = ?) AND (versionId = ?))
	bind => [y0zF703T1IX5oUHL7J3B64td5Vd5ooouyYePD59wYw1kvhlTIb, kOb5toegi2xfZ2lVNi0jNMAW8KnaT9dqQFa3DHW2rJvjEgydl7, X8HHb9NPM1GoOq6pOchH8EfocvxnwLrbKGryRQ1v6RtMrEgCOx, GLQ2YkFpMZniEpaTqlkUeESIkrS9V9peuZlGLOZhJZiqMnQ7UP, 2, AAAAA, 2, 258CD00B-3418-43B5-8A0E-1D4D910DC9ED, 1]
[EL Fine]: sql: 2016-03-14 11:45:43.37--ClientSession(2105194663)--Connection(330539551)--Thread(Thread[Test worker,5,main])--SELECT algoId, algoDescription, algoHelp, algoIcon, algoName, algorithm, versionId, createdBy, createdDate, updatedBy, updatedDate, activeStatus, txnAccessCode FROM ast_PasswordAlgo_M WHERE ((activeStatus = ?) AND (algoId = ?))
	bind => [1, 258CD00B-3418-43B5-8A0E-1D4D910DC9ED]
[EL Fine]: sql: 2016-03-14 11:45:43.389--ClientSession(1661507479)--Connection(330539551)--Thread(Thread[Test worker,5,main])--SELECT algoId, algoDescription, algoHelp, algoIcon, algoName, algorithm, versionId, createdBy, createdDate, updatedBy, updatedDate, activeStatus, txnAccessCode FROM ast_PasswordAlgo_M WHERE (algoId = ?)
	bind => [258CD00B-3418-43B5-8A0E-1D4D910DC9ED]
[EL Fine]: sql: 2016-03-14 11:45:43.391--ClientSession(1661507479)--Connection(330539551)--Thread(Thread[Test worker,5,main])--DELETE FROM ast_PasswordAlgo_M WHERE ((algoId = ?) AND (versionId = ?))
	bind => [258CD00B-3418-43B5-8A0E-1D4D910DC9ED, 2]
]]></system-out>
  <system-err><![CDATA[]]></system-err>
</testsuite>
