<?xml version="1.0" encoding="UTF-8"?>
<testsuite name="com.app.server.service.organizationboundedcontext.contacts.GenderTestCase" tests="4" skipped="0" failures="0" errors="0" timestamp="2016-03-14T11:45:50" hostname="0ac02da9f065" time="0.229">
  <properties/>
  <testcase name="test1Save" classname="com.app.server.service.organizationboundedcontext.contacts.GenderTestCase" time="0.071"/>
  <testcase name="test2Update" classname="com.app.server.service.organizationboundedcontext.contacts.GenderTestCase" time="0.065"/>
  <testcase name="test3FindById" classname="com.app.server.service.organizationboundedcontext.contacts.GenderTestCase" time="0.017"/>
  <testcase name="test4Delete" classname="com.app.server.service.organizationboundedcontext.contacts.GenderTestCase" time="0.074"/>
  <system-out><![CDATA[Setting logged in user info for ADD
[EL Fine]: sql: 2016-03-14 11:45:50.419--ClientSession(358871620)--Connection(330539551)--Thread(Thread[Test worker,5,main])--INSERT INTO ast_Gender_M (genderId, gender, versionId, createdBy, createdDate, updatedBy, updatedDate, activeStatus, txnAccessCode) VALUES (?, ?, ?, ?, ?, ?, ?, ?, ?)
	bind => [B4DEC0BF-84E0-4168-870D-4CFA89541E78, w4wvzMc9kq46Xj4xbRpj0W3VC2ihIOuUXYqX53RcTehlQmTgWA, 1, AAAAA, 2016-03-14 11:45:50.406, null, 2016-03-14 11:45:50.406, 1, 51000]
[EL Fine]: sql: 2016-03-14 11:45:50.475--ClientSession(1195409960)--Connection(330539551)--Thread(Thread[Test worker,5,main])--SELECT genderId, gender, versionId, createdBy, createdDate, updatedBy, updatedDate, activeStatus, txnAccessCode FROM ast_Gender_M WHERE ((activeStatus = ?) AND (genderId = ?))
	bind => [1, B4DEC0BF-84E0-4168-870D-4CFA89541E78]
Setting logged in user info for UPDATE
[EL Fine]: sql: 2016-03-14 11:45:50.482--ClientSession(338376923)--Connection(330539551)--Thread(Thread[Test worker,5,main])--SELECT genderId, gender, versionId, createdBy, createdDate, updatedBy, updatedDate, activeStatus, txnAccessCode FROM ast_Gender_M WHERE (genderId = ?)
	bind => [B4DEC0BF-84E0-4168-870D-4CFA89541E78]
[EL Fine]: sql: 2016-03-14 11:45:50.484--ClientSession(338376923)--Connection(330539551)--Thread(Thread[Test worker,5,main])--UPDATE ast_Gender_M SET gender = ?, updatedBy = ?, versionId = ? WHERE ((genderId = ?) AND (versionId = ?))
	bind => [kr4ml3cXN6a6LsDOj0jwvIENLDiNlAIBMlQ3S5CDhFPgs7zFKS, AAAAA, 2, B4DEC0BF-84E0-4168-870D-4CFA89541E78, 1]
[EL Fine]: sql: 2016-03-14 11:45:50.541--ClientSession(1145161582)--Connection(330539551)--Thread(Thread[Test worker,5,main])--SELECT genderId, gender, versionId, createdBy, createdDate, updatedBy, updatedDate, activeStatus, txnAccessCode FROM ast_Gender_M WHERE ((activeStatus = ?) AND (genderId = ?))
	bind => [1, B4DEC0BF-84E0-4168-870D-4CFA89541E78]
[EL Fine]: sql: 2016-03-14 11:45:50.558--ClientSession(732751614)--Connection(330539551)--Thread(Thread[Test worker,5,main])--SELECT genderId, gender, versionId, createdBy, createdDate, updatedBy, updatedDate, activeStatus, txnAccessCode FROM ast_Gender_M WHERE (genderId = ?)
	bind => [B4DEC0BF-84E0-4168-870D-4CFA89541E78]
[EL Fine]: sql: 2016-03-14 11:45:50.561--ClientSession(732751614)--Connection(330539551)--Thread(Thread[Test worker,5,main])--DELETE FROM ast_Gender_M WHERE ((genderId = ?) AND (versionId = ?))
	bind => [B4DEC0BF-84E0-4168-870D-4CFA89541E78, 2]
]]></system-out>
  <system-err><![CDATA[]]></system-err>
</testsuite>
