<?xml version="1.0" encoding="UTF-8"?>
<testsuite name="com.app.server.service.aaaboundedcontext.authentication.UserAccessLevelTestCase" tests="4" skipped="0" failures="0" errors="0" timestamp="2016-03-14T11:45:43" hostname="0ac02da9f065" time="0.32">
  <properties/>
  <testcase name="test1Save" classname="com.app.server.service.aaaboundedcontext.authentication.UserAccessLevelTestCase" time="0.138"/>
  <testcase name="test2Update" classname="com.app.server.service.aaaboundedcontext.authentication.UserAccessLevelTestCase" time="0.083"/>
  <testcase name="test3FindById" classname="com.app.server.service.aaaboundedcontext.authentication.UserAccessLevelTestCase" time="0.019"/>
  <testcase name="test4Delete" classname="com.app.server.service.aaaboundedcontext.authentication.UserAccessLevelTestCase" time="0.079"/>
  <system-out><![CDATA[Setting logged in user info for ADD
[EL Fine]: sql: 2016-03-14 11:45:43.526--ClientSession(1876798367)--Connection(330539551)--Thread(Thread[Test worker,5,main])--INSERT INTO ast_UserAccessLevel_M (userAccessLevelId, levelDescription, levelHelp, levelIcon, levelName, userAccessLevel, versionId, createdBy, createdDate, updatedBy, updatedDate, activeStatus, txnAccessCode) VALUES (?, ?, ?, ?, ?, ?, ?, ?, ?, ?, ?, ?, ?)
	bind => [A4539E7A-BF85-4450-B741-C70C58454F1A, E7enT3opzuMKtv8q8xxB1OSM2a4d4LZqZFEI68DfJp8S3IRJ0V, 8cMzt3Bo2QigQHl3f2C5rL6Z05SyyPww8b1HJV6okc9Q6bKMYD, GaGL9FqNHqtF4yvhcK4EsUU5ZTFKqFEX3Sjhqk3a9RXfExXp2x, P3Af1pFKX6L9IYUTx4C0sdP1CWL40rG3NpclIEMMKvqvZt7UIE, 70661, 1, AAAAA, 2016-03-14 11:45:43.462, null, 2016-03-14 11:45:43.462, 1, 51000]
[EL Fine]: sql: 2016-03-14 11:45:43.596--ClientSession(665598422)--Connection(330539551)--Thread(Thread[Test worker,5,main])--SELECT userAccessLevelId, levelDescription, levelHelp, levelIcon, levelName, userAccessLevel, versionId, createdBy, createdDate, updatedBy, updatedDate, activeStatus, txnAccessCode FROM ast_UserAccessLevel_M WHERE ((activeStatus = ?) AND (userAccessLevelId = ?))
	bind => [1, A4539E7A-BF85-4450-B741-C70C58454F1A]
Setting logged in user info for UPDATE
[EL Fine]: sql: 2016-03-14 11:45:43.608--ClientSession(359990936)--Connection(330539551)--Thread(Thread[Test worker,5,main])--SELECT userAccessLevelId, levelDescription, levelHelp, levelIcon, levelName, userAccessLevel, versionId, createdBy, createdDate, updatedBy, updatedDate, activeStatus, txnAccessCode FROM ast_UserAccessLevel_M WHERE (userAccessLevelId = ?)
	bind => [A4539E7A-BF85-4450-B741-C70C58454F1A]
[EL Fine]: sql: 2016-03-14 11:45:43.611--ClientSession(359990936)--Connection(330539551)--Thread(Thread[Test worker,5,main])--UPDATE ast_UserAccessLevel_M SET levelDescription = ?, levelHelp = ?, levelIcon = ?, levelName = ?, userAccessLevel = ?, updatedBy = ?, versionId = ? WHERE ((userAccessLevelId = ?) AND (versionId = ?))
	bind => [Rdw9ND1Dh38Z1Y7Utu9NDOL1E7Jj9ZCPvS7S0VeOdH3QBtMGlb, WUckdPgmllv5KizBOhE8bFMIzwY84m1SzprjyOzMurE5lfyDq6, la23T5BLgpVNAXBcnp43w5NVaYpLzywPdB0A2hSKarqosV3WYo, Y2XZgleGRBLmxXWyNodp2WrKC7Z9D5QNvdqHdmQZ0T2sUnUjVR, 72784, AAAAA, 2, A4539E7A-BF85-4450-B741-C70C58454F1A, 1]
[EL Fine]: sql: 2016-03-14 11:45:43.678--ClientSession(2130956014)--Connection(330539551)--Thread(Thread[Test worker,5,main])--SELECT userAccessLevelId, levelDescription, levelHelp, levelIcon, levelName, userAccessLevel, versionId, createdBy, createdDate, updatedBy, updatedDate, activeStatus, txnAccessCode FROM ast_UserAccessLevel_M WHERE ((activeStatus = ?) AND (userAccessLevelId = ?))
	bind => [1, A4539E7A-BF85-4450-B741-C70C58454F1A]
[EL Fine]: sql: 2016-03-14 11:45:43.698--ClientSession(67675786)--Connection(330539551)--Thread(Thread[Test worker,5,main])--SELECT userAccessLevelId, levelDescription, levelHelp, levelIcon, levelName, userAccessLevel, versionId, createdBy, createdDate, updatedBy, updatedDate, activeStatus, txnAccessCode FROM ast_UserAccessLevel_M WHERE (userAccessLevelId = ?)
	bind => [A4539E7A-BF85-4450-B741-C70C58454F1A]
[EL Fine]: sql: 2016-03-14 11:45:43.701--ClientSession(67675786)--Connection(330539551)--Thread(Thread[Test worker,5,main])--DELETE FROM ast_UserAccessLevel_M WHERE ((userAccessLevelId = ?) AND (versionId = ?))
	bind => [A4539E7A-BF85-4450-B741-C70C58454F1A, 2]
]]></system-out>
  <system-err><![CDATA[]]></system-err>
</testsuite>
